<?xml version="1.0" encoding="UTF-8"?>
<coverage generated="1382113336" phpunit="3.4.15">
  <project name="PublishServiceClient unit tests" timestamp="1382113336">
    <file name="/home/jflitton/Code/publish-service-client/vendor/hafriedlander/phockito/hamcrest-php/hamcrest/Hamcrest/Matcher.php">
      <line num="7" type="stmt" count="1"/>
      <line num="24" type="stmt" count="1"/>
      <line num="53" type="stmt" count="1"/>
      <metrics loc="52" ncloc="13" classes="0" methods="0" coveredmethods="0" statements="3" coveredstatements="3" elements="3" coveredelements="3"/>
    </file>
    <file name="/home/jflitton/Code/publish-service-client/vendor/hafriedlander/phockito/hamcrest-php/hamcrest/Hamcrest/Util.php">
      <class name="Hamcrest_Util" namespace="global" fullPackage="Hamcrest">
        <metrics methods="3" coveredmethods="0" statements="22" coveredstatements="0" elements="25" coveredelements="0"/>
      </class>
      <line num="7" type="stmt" count="1"/>
      <line num="8" type="stmt" count="1"/>
      <line num="16" type="stmt" count="1"/>
      <line num="24" type="method" name="wrapValueWithIsEqual" count="0"/>
      <line num="26" type="stmt" count="0"/>
      <line num="27" type="stmt" count="0"/>
      <line num="28" type="stmt" count="0"/>
      <line num="29" type="stmt" count="0"/>
      <line num="38" type="method" name="checkAllAreMatchers" count="0"/>
      <line num="40" type="stmt" count="0"/>
      <line num="42" type="stmt" count="0"/>
      <line num="43" type="stmt" count="0"/>
      <line num="44" type="stmt" count="0"/>
      <line num="46" type="stmt" count="0"/>
      <line num="48" type="stmt" count="0"/>
      <line num="49" type="stmt" count="0"/>
      <line num="60" type="method" name="createMatcherArray" count="0"/>
      <line num="63" type="stmt" count="0"/>
      <line num="64" type="stmt" count="0"/>
      <line num="65" type="stmt" count="0"/>
      <line num="66" type="stmt" count="0"/>
      <line num="69" type="stmt" count="0"/>
      <line num="71" type="stmt" count="0"/>
      <line num="72" type="stmt" count="0"/>
      <line num="73" type="stmt" count="0"/>
      <line num="74" type="stmt" count="0"/>
      <line num="75" type="stmt" count="0"/>
      <line num="77" type="stmt" count="0"/>
      <line num="81" type="stmt" count="1"/>
      <metrics loc="80" ncloc="47" classes="1" methods="3" coveredmethods="0" statements="26" coveredstatements="4" elements="29" coveredelements="4"/>
    </file>
    <file name="/home/jflitton/Code/publish-service-client/vendor/guzzle/guzzle/src/Guzzle/Http/ClientInterface.php">
      <line num="14" type="stmt" count="1"/>
      <line num="224" type="stmt" count="1"/>
      <metrics loc="223" ncloc="52" classes="0" methods="0" coveredmethods="0" statements="2" coveredstatements="2" elements="2" coveredelements="2"/>
    </file>
    <file name="/home/jflitton/Code/publish-service-client/vendor/hafriedlander/phockito/hamcrest-php/hamcrest/Hamcrest/Description.php">
      <line num="7" type="stmt" count="1"/>
      <line num="15" type="stmt" count="1"/>
      <line num="73" type="stmt" count="1"/>
      <metrics loc="72" ncloc="19" classes="0" methods="0" coveredmethods="0" statements="3" coveredstatements="3" elements="3" coveredelements="3"/>
    </file>
    <file name="/home/jflitton/Code/publish-service-client/vendor/hafriedlander/phockito/hamcrest-php/hamcrest/Hamcrest/MatcherAssert.php">
      <class name="Hamcrest_MatcherAssert" namespace="global" fullPackage="Hamcrest">
        <metrics methods="4" coveredmethods="0" statements="46" coveredstatements="0" elements="50" coveredelements="0"/>
      </class>
      <line num="7" type="stmt" count="1"/>
      <line num="8" type="stmt" count="1"/>
      <line num="9" type="stmt" count="1"/>
      <line num="10" type="stmt" count="1"/>
      <line num="13" type="stmt" count="1"/>
      <line num="42" type="method" name="assertThat" count="0"/>
      <line num="44" type="stmt" count="0"/>
      <line num="45" type="stmt" count="0"/>
      <line num="47" type="stmt" count="0"/>
      <line num="48" type="stmt" count="0"/>
      <line num="49" type="stmt" count="0"/>
      <line num="50" type="stmt" count="0"/>
      <line num="51" type="stmt" count="0"/>
      <line num="53" type="stmt" count="0"/>
      <line num="55" type="stmt" count="0"/>
      <line num="56" type="stmt" count="0"/>
      <line num="57" type="stmt" count="0"/>
      <line num="58" type="stmt" count="0"/>
      <line num="59" type="stmt" count="0"/>
      <line num="60" type="stmt" count="0"/>
      <line num="61" type="stmt" count="0"/>
      <line num="63" type="stmt" count="0"/>
      <line num="65" type="stmt" count="0"/>
      <line num="67" type="stmt" count="0"/>
      <line num="68" type="stmt" count="0"/>
      <line num="69" type="stmt" count="0"/>
      <line num="70" type="stmt" count="0"/>
      <line num="71" type="stmt" count="0"/>
      <line num="72" type="stmt" count="0"/>
      <line num="73" type="stmt" count="0"/>
      <line num="74" type="stmt" count="0"/>
      <line num="76" type="stmt" count="0"/>
      <line num="77" type="stmt" count="0"/>
      <line num="78" type="stmt" count="0"/>
      <line num="79" type="stmt" count="0"/>
      <line num="80" type="stmt" count="0"/>
      <line num="87" type="method" name="getCount" count="0"/>
      <line num="89" type="stmt" count="0"/>
      <line num="95" type="method" name="resetCount" count="0"/>
      <line num="97" type="stmt" count="0"/>
      <line num="98" type="stmt" count="0"/>
      <line num="112" type="method" name="doAssert" count="0"/>
      <line num="115" type="stmt" count="0"/>
      <line num="116" type="stmt" count="0"/>
      <line num="117" type="stmt" count="0"/>
      <line num="118" type="stmt" count="0"/>
      <line num="119" type="stmt" count="0"/>
      <line num="120" type="stmt" count="0"/>
      <line num="121" type="stmt" count="0"/>
      <line num="122" type="stmt" count="0"/>
      <line num="123" type="stmt" count="0"/>
      <line num="124" type="stmt" count="0"/>
      <line num="126" type="stmt" count="0"/>
      <line num="128" type="stmt" count="0"/>
      <line num="130" type="stmt" count="0"/>
      <line num="133" type="stmt" count="1"/>
      <metrics loc="132" ncloc="84" classes="1" methods="4" coveredmethods="0" statements="52" coveredstatements="6" elements="56" coveredelements="6"/>
    </file>
    <package name="Doctrine\Common\Annotations">
      <file name="/home/jflitton/Code/publish-service-client/vendor/doctrine/annotations/lib/Doctrine/Common/Annotations/TokenParser.php">
        <class name="Doctrine\Common\Annotations\TokenParser" namespace="Doctrine\Common\Annotations" fullPackage="Doctrine.Common.Annotations">
          <metrics methods="6" coveredmethods="5" statements="53" coveredstatements="44" elements="59" coveredelements="49"/>
        </class>
        <line num="29" type="stmt" count="1"/>
        <line num="51" type="method" name="Doctrine\Common\Annotations\__construct" count="1"/>
        <line num="53" type="stmt" count="1"/>
        <line num="54" type="stmt" count="1"/>
        <line num="55" type="stmt" count="1"/>
        <line num="56" type="stmt" count="1"/>
        <line num="67" type="method" name="Doctrine\Common\Annotations\next" count="1"/>
        <line num="69" type="stmt" count="1"/>
        <line num="70" type="stmt" count="1"/>
        <line num="71" type="stmt" count="1"/>
        <line num="72" type="stmt" count="1"/>
        <line num="73" type="stmt" count="1"/>
        <line num="75" type="stmt" count="1"/>
        <line num="78" type="stmt" count="1"/>
        <line num="81" type="stmt" count="1"/>
        <line num="89" type="method" name="Doctrine\Common\Annotations\parseUseStatement" count="1"/>
        <line num="91" type="stmt" count="1"/>
        <line num="92" type="stmt" count="1"/>
        <line num="93" type="stmt" count="1"/>
        <line num="94" type="stmt" count="1"/>
        <line num="95" type="stmt" count="1"/>
        <line num="96" type="stmt" count="1"/>
        <line num="97" type="stmt" count="1"/>
        <line num="98" type="stmt" count="1"/>
        <line num="99" type="stmt" count="1"/>
        <line num="100" type="stmt" count="1"/>
        <line num="101" type="stmt" count="0"/>
        <line num="102" type="stmt" count="1"/>
        <line num="103" type="stmt" count="0"/>
        <line num="104" type="stmt" count="0"/>
        <line num="105" type="stmt" count="1"/>
        <line num="106" type="stmt" count="0"/>
        <line num="107" type="stmt" count="0"/>
        <line num="108" type="stmt" count="0"/>
        <line num="109" type="stmt" count="0"/>
        <line num="110" type="stmt" count="1"/>
        <line num="111" type="stmt" count="1"/>
        <line num="112" type="stmt" count="1"/>
        <line num="114" type="stmt" count="0"/>
        <line num="116" type="stmt" count="1"/>
        <line num="118" type="stmt" count="1"/>
        <line num="127" type="method" name="Doctrine\Common\Annotations\parseUseStatements" count="1"/>
        <line num="129" type="stmt" count="1"/>
        <line num="130" type="stmt" count="1"/>
        <line num="131" type="stmt" count="1"/>
        <line num="132" type="stmt" count="1"/>
        <line num="133" type="stmt" count="1"/>
        <line num="135" type="stmt" count="1"/>
        <line num="136" type="stmt" count="1"/>
        <line num="142" type="stmt" count="1"/>
        <line num="143" type="stmt" count="1"/>
        <line num="145" type="stmt" count="1"/>
        <line num="153" type="method" name="Doctrine\Common\Annotations\parseNamespace" count="1"/>
        <line num="155" type="stmt" count="1"/>
        <line num="156" type="stmt" count="1"/>
        <line num="157" type="stmt" count="1"/>
        <line num="158" type="stmt" count="1"/>
        <line num="160" type="stmt" count="1"/>
        <line num="168" type="method" name="Doctrine\Common\Annotations\parseClass" count="0"/>
        <line num="173" type="stmt" count="0"/>
        <line num="176" type="stmt" count="1"/>
        <metrics loc="175" ncloc="95" classes="1" methods="6" coveredmethods="5" statements="55" coveredstatements="46" elements="61" coveredelements="51"/>
      </file>
      <file name="/home/jflitton/Code/publish-service-client/vendor/doctrine/annotations/lib/Doctrine/Common/Annotations/PhpParser.php">
        <class name="Doctrine\Common\Annotations\PhpParser" namespace="Doctrine\Common\Annotations" fullPackage="Doctrine.Common.Annotations">
          <metrics methods="2" coveredmethods="2" statements="23" coveredstatements="19" elements="25" coveredelements="21"/>
        </class>
        <line num="31" type="stmt" count="1"/>
        <line num="38" type="method" name="Doctrine\Common\Annotations\parseClass" count="1"/>
        <line num="40" type="stmt" count="1"/>
        <line num="41" type="stmt" count="0"/>
        <line num="44" type="stmt" count="1"/>
        <line num="45" type="stmt" count="0"/>
        <line num="48" type="stmt" count="1"/>
        <line num="50" type="stmt" count="1"/>
        <line num="51" type="stmt" count="0"/>
        <line num="54" type="stmt" count="1"/>
        <line num="55" type="stmt" count="1"/>
        <line num="56" type="stmt" count="1"/>
        <line num="58" type="stmt" count="1"/>
        <line num="60" type="stmt" count="1"/>
        <line num="70" type="method" name="Doctrine\Common\Annotations\getFileContent" count="1"/>
        <line num="72" type="stmt" count="1"/>
        <line num="73" type="stmt" count="0"/>
        <line num="76" type="stmt" count="1"/>
        <line num="77" type="stmt" count="1"/>
        <line num="78" type="stmt" count="1"/>
        <line num="79" type="stmt" count="1"/>
        <line num="80" type="stmt" count="1"/>
        <line num="81" type="stmt" count="1"/>
        <line num="84" type="stmt" count="1"/>
        <line num="85" type="stmt" count="1"/>
        <line num="87" type="stmt" count="1"/>
        <line num="90" type="stmt" count="1"/>
        <metrics loc="89" ncloc="53" classes="1" methods="2" coveredmethods="2" statements="25" coveredstatements="21" elements="27" coveredelements="23"/>
      </file>
    </package>
    <file name="/home/jflitton/Code/publish-service-client/vendor/hafriedlander/phockito/hamcrest-php/hamcrest/Hamcrest/Core/IsEqual.php">
      <class name="Hamcrest_Core_IsEqual" namespace="global" fullPackage="Hamcrest.Core">
        <metrics methods="4" coveredmethods="0" statements="6" coveredstatements="0" elements="10" coveredelements="0"/>
      </class>
      <line num="7" type="stmt" count="1"/>
      <line num="8" type="stmt" count="1"/>
      <line num="15" type="stmt" count="1"/>
      <line num="19" type="method" name="__construct" count="0"/>
      <line num="21" type="stmt" count="0"/>
      <line num="22" type="stmt" count="0"/>
      <line num="24" type="method" name="matches" count="0"/>
      <line num="26" type="stmt" count="0"/>
      <line num="29" type="method" name="describeTo" count="0"/>
      <line num="31" type="stmt" count="0"/>
      <line num="32" type="stmt" count="0"/>
      <line num="40" type="method" name="equalTo" count="0"/>
      <line num="42" type="stmt" count="0"/>
      <line num="46" type="stmt" count="1"/>
      <metrics loc="45" ncloc="32" classes="1" methods="4" coveredmethods="0" statements="10" coveredstatements="4" elements="14" coveredelements="4"/>
    </file>
    <package name="Guzzle\Http">
      <file name="/home/jflitton/Code/publish-service-client/vendor/guzzle/guzzle/src/Guzzle/Http/Client.php">
        <class name="Guzzle\Http\Client" namespace="Guzzle\Http" fullPackage="Guzzle.Http">
          <metrics methods="32" coveredmethods="0" statements="184" coveredstatements="0" elements="216" coveredelements="0"/>
        </class>
        <line num="24" type="stmt" count="1"/>
        <line num="55" type="method" name="Guzzle\Http\getAllEvents" count="0"/>
        <line num="57" type="stmt" count="0"/>
        <line num="66" type="method" name="Guzzle\Http\__construct" count="0"/>
        <line num="68" type="stmt" count="0"/>
        <line num="70" type="stmt" count="0"/>
        <line num="73" type="stmt" count="0"/>
        <line num="74" type="stmt" count="0"/>
        <line num="75" type="stmt" count="0"/>
        <line num="76" type="stmt" count="0"/>
        <line num="77" type="stmt" count="0"/>
        <line num="78" type="stmt" count="0"/>
        <line num="79" type="stmt" count="0"/>
        <line num="80" type="stmt" count="0"/>
        <line num="81" type="stmt" count="0"/>
        <line num="82" type="stmt" count="0"/>
        <line num="84" type="method" name="Guzzle\Http\setConfig" count="0"/>
        <line num="86" type="stmt" count="0"/>
        <line num="87" type="stmt" count="0"/>
        <line num="88" type="stmt" count="0"/>
        <line num="89" type="stmt" count="0"/>
        <line num="90" type="stmt" count="0"/>
        <line num="91" type="stmt" count="0"/>
        <line num="94" type="stmt" count="0"/>
        <line num="97" type="method" name="Guzzle\Http\getConfig" count="0"/>
        <line num="99" type="stmt" count="0"/>
        <line num="110" type="method" name="Guzzle\Http\setDefaultOption" count="0"/>
        <line num="112" type="stmt" count="0"/>
        <line num="113" type="stmt" count="0"/>
        <line num="115" type="stmt" count="0"/>
        <line num="125" type="method" name="Guzzle\Http\getDefaultOption" count="0"/>
        <line num="127" type="stmt" count="0"/>
        <line num="129" type="stmt" count="0"/>
        <line num="132" type="method" name="Guzzle\Http\setSslVerification" count="0"/>
        <line num="134" type="stmt" count="0"/>
        <line num="136" type="stmt" count="0"/>
        <line num="138" type="stmt" count="0"/>
        <line num="139" type="stmt" count="0"/>
        <line num="140" type="stmt" count="0"/>
        <line num="141" type="stmt" count="0"/>
        <line num="142" type="stmt" count="0"/>
        <line num="143" type="stmt" count="0"/>
        <line num="144" type="stmt" count="0"/>
        <line num="145" type="stmt" count="0"/>
        <line num="146" type="stmt" count="0"/>
        <line num="147" type="stmt" count="0"/>
        <line num="148" type="stmt" count="0"/>
        <line num="150" type="stmt" count="0"/>
        <line num="151" type="stmt" count="0"/>
        <line num="152" type="stmt" count="0"/>
        <line num="153" type="stmt" count="0"/>
        <line num="154" type="stmt" count="0"/>
        <line num="155" type="stmt" count="0"/>
        <line num="156" type="stmt" count="0"/>
        <line num="157" type="stmt" count="0"/>
        <line num="158" type="stmt" count="0"/>
        <line num="159" type="stmt" count="0"/>
        <line num="160" type="stmt" count="0"/>
        <line num="161" type="stmt" count="0"/>
        <line num="165" type="stmt" count="0"/>
        <line num="167" type="stmt" count="0"/>
        <line num="170" type="method" name="Guzzle\Http\createRequest" count="0"/>
        <line num="172" type="stmt" count="0"/>
        <line num="173" type="stmt" count="0"/>
        <line num="174" type="stmt" count="0"/>
        <line num="175" type="stmt" count="0"/>
        <line num="176" type="stmt" count="0"/>
        <line num="177" type="stmt" count="0"/>
        <line num="178" type="stmt" count="0"/>
        <line num="180" type="stmt" count="0"/>
        <line num="182" type="stmt" count="0"/>
        <line num="183" type="stmt" count="0"/>
        <line num="184" type="stmt" count="0"/>
        <line num="189" type="stmt" count="0"/>
        <line num="190" type="stmt" count="0"/>
        <line num="191" type="stmt" count="0"/>
        <line num="192" type="stmt" count="0"/>
        <line num="193" type="stmt" count="0"/>
        <line num="194" type="stmt" count="0"/>
        <line num="195" type="stmt" count="0"/>
        <line num="196" type="stmt" count="0"/>
        <line num="197" type="stmt" count="0"/>
        <line num="199" type="stmt" count="0"/>
        <line num="202" type="method" name="Guzzle\Http\getBaseUrl" count="0"/>
        <line num="204" type="stmt" count="0"/>
        <line num="207" type="method" name="Guzzle\Http\setBaseUrl" count="0"/>
        <line num="209" type="stmt" count="0"/>
        <line num="211" type="stmt" count="0"/>
        <line num="214" type="method" name="Guzzle\Http\setUserAgent" count="0"/>
        <line num="216" type="stmt" count="0"/>
        <line num="217" type="stmt" count="0"/>
        <line num="218" type="stmt" count="0"/>
        <line num="219" type="stmt" count="0"/>
        <line num="221" type="stmt" count="0"/>
        <line num="229" type="method" name="Guzzle\Http\getDefaultUserAgent" count="0"/>
        <line num="232" type="stmt" count="0"/>
        <line num="233" type="stmt" count="0"/>
        <line num="236" type="method" name="Guzzle\Http\get" count="0"/>
        <line num="239" type="stmt" count="0"/>
        <line num="240" type="stmt" count="0"/>
        <line num="241" type="stmt" count="0"/>
        <line num="244" type="method" name="Guzzle\Http\head" count="0"/>
        <line num="246" type="stmt" count="0"/>
        <line num="249" type="method" name="Guzzle\Http\delete" count="0"/>
        <line num="251" type="stmt" count="0"/>
        <line num="254" type="method" name="Guzzle\Http\put" count="0"/>
        <line num="256" type="stmt" count="0"/>
        <line num="259" type="method" name="Guzzle\Http\patch" count="0"/>
        <line num="261" type="stmt" count="0"/>
        <line num="264" type="method" name="Guzzle\Http\post" count="0"/>
        <line num="266" type="stmt" count="0"/>
        <line num="269" type="method" name="Guzzle\Http\options" count="0"/>
        <line num="271" type="stmt" count="0"/>
        <line num="274" type="method" name="Guzzle\Http\send" count="0"/>
        <line num="276" type="stmt" count="0"/>
        <line num="277" type="stmt" count="0"/>
        <line num="282" type="stmt" count="0"/>
        <line num="283" type="stmt" count="0"/>
        <line num="284" type="stmt" count="0"/>
        <line num="285" type="stmt" count="0"/>
        <line num="296" type="method" name="Guzzle\Http\setCurlMulti" count="0"/>
        <line num="298" type="stmt" count="0"/>
        <line num="300" type="stmt" count="0"/>
        <line num="306" type="method" name="Guzzle\Http\getCurlMulti" count="0"/>
        <line num="308" type="stmt" count="0"/>
        <line num="309" type="stmt" count="0"/>
        <line num="310" type="stmt" count="0"/>
        <line num="312" type="stmt" count="0"/>
        <line num="315" type="method" name="Guzzle\Http\setRequestFactory" count="0"/>
        <line num="317" type="stmt" count="0"/>
        <line num="319" type="stmt" count="0"/>
        <line num="329" type="method" name="Guzzle\Http\setUriTemplate" count="0"/>
        <line num="331" type="stmt" count="0"/>
        <line num="333" type="stmt" count="0"/>
        <line num="344" type="method" name="Guzzle\Http\preparePharCacert" count="0"/>
        <line num="346" type="stmt" count="0"/>
        <line num="347" type="stmt" count="0"/>
        <line num="348" type="stmt" count="0"/>
        <line num="349" type="stmt" count="0"/>
        <line num="350" type="stmt" count="0"/>
        <line num="351" type="stmt" count="0"/>
        <line num="352" type="stmt" count="0"/>
        <line num="353" type="stmt" count="0"/>
        <line num="354" type="stmt" count="0"/>
        <line num="356" type="stmt" count="0"/>
        <line num="358" type="stmt" count="0"/>
        <line num="369" type="method" name="Guzzle\Http\expandTemplate" count="0"/>
        <line num="371" type="stmt" count="0"/>
        <line num="372" type="stmt" count="0"/>
        <line num="373" type="stmt" count="0"/>
        <line num="374" type="stmt" count="0"/>
        <line num="376" type="stmt" count="0"/>
        <line num="384" type="method" name="Guzzle\Http\getUriTemplate" count="0"/>
        <line num="386" type="stmt" count="0"/>
        <line num="387" type="stmt" count="0"/>
        <line num="388" type="stmt" count="0"/>
        <line num="390" type="stmt" count="0"/>
        <line num="400" type="method" name="Guzzle\Http\sendMultiple" count="0"/>
        <line num="402" type="stmt" count="0"/>
        <line num="403" type="stmt" count="0"/>
        <line num="404" type="stmt" count="0"/>
        <line num="405" type="stmt" count="0"/>
        <line num="406" type="stmt" count="0"/>
        <line num="409" type="stmt" count="0"/>
        <line num="410" type="stmt" count="0"/>
        <line num="411" type="stmt" count="0"/>
        <line num="412" type="stmt" count="0"/>
        <line num="414" type="stmt" count="0"/>
        <line num="425" type="method" name="Guzzle\Http\prepareRequest" count="0"/>
        <line num="427" type="stmt" count="0"/>
        <line num="429" type="stmt" count="0"/>
        <line num="430" type="stmt" count="0"/>
        <line num="431" type="stmt" count="0"/>
        <line num="433" type="stmt" count="0"/>
        <line num="434" type="stmt" count="0"/>
        <line num="435" type="stmt" count="0"/>
        <line num="436" type="stmt" count="0"/>
        <line num="438" type="stmt" count="0"/>
        <line num="439" type="stmt" count="0"/>
        <line num="440" type="stmt" count="0"/>
        <line num="442" type="stmt" count="0"/>
        <line num="443" type="stmt" count="0"/>
        <line num="444" type="stmt" count="0"/>
        <line num="446" type="stmt" count="0"/>
        <line num="447" type="stmt" count="0"/>
        <line num="448" type="stmt" count="0"/>
        <line num="450" type="stmt" count="0"/>
        <line num="452" type="stmt" count="0"/>
        <line num="458" type="method" name="Guzzle\Http\initSsl" count="0"/>
        <line num="460" type="stmt" count="0"/>
        <line num="461" type="stmt" count="0"/>
        <line num="464" type="stmt" count="0"/>
        <line num="465" type="stmt" count="0"/>
        <line num="466" type="stmt" count="0"/>
        <line num="468" type="stmt" count="0"/>
        <line num="469" type="stmt" count="0"/>
        <line num="470" type="stmt" count="0"/>
        <line num="471" type="stmt" count="0"/>
        <line num="472" type="stmt" count="0"/>
        <line num="473" type="stmt" count="0"/>
        <line num="474" type="stmt" count="0"/>
        <line num="475" type="stmt" count="0"/>
        <line num="476" type="stmt" count="0"/>
        <line num="478" type="stmt" count="0"/>
        <line num="479" type="stmt" count="0"/>
        <line num="484" type="method" name="Guzzle\Http\getDefaultHeaders" count="0"/>
        <line num="486" type="stmt" count="0"/>
        <line num="487" type="stmt" count="0"/>
        <line num="493" type="method" name="Guzzle\Http\setDefaultHeaders" count="0"/>
        <line num="495" type="stmt" count="0"/>
        <line num="496" type="stmt" count="0"/>
        <line num="497" type="stmt" count="0"/>
        <line num="498" type="stmt" count="0"/>
        <line num="499" type="stmt" count="0"/>
        <line num="500" type="stmt" count="0"/>
        <line num="501" type="stmt" count="0"/>
        <line num="504" type="stmt" count="0"/>
        <line num="507" type="stmt" count="1"/>
        <metrics loc="506" ncloc="393" classes="1" methods="32" coveredmethods="0" statements="186" coveredstatements="2" elements="218" coveredelements="2"/>
      </file>
      <file name="/home/jflitton/Code/publish-service-client/vendor/guzzle/guzzle/src/Guzzle/Http/RedirectPlugin.php">
        <class name="Guzzle\Http\RedirectPlugin" namespace="Guzzle\Http" fullPackage="Guzzle.Http">
          <metrics methods="8" coveredmethods="0" statements="84" coveredstatements="0" elements="92" coveredelements="0"/>
        </class>
        <line num="19" type="stmt" count="1"/>
        <line num="32" type="method" name="Guzzle\Http\getSubscribedEvents" count="0"/>
        <line num="35" type="stmt" count="0"/>
        <line num="36" type="stmt" count="0"/>
        <line num="38" type="stmt" count="0"/>
        <line num="46" type="method" name="Guzzle\Http\cleanupRequest" count="0"/>
        <line num="48" type="stmt" count="0"/>
        <line num="49" type="stmt" count="0"/>
        <line num="50" type="stmt" count="0"/>
        <line num="51" type="stmt" count="0"/>
        <line num="58" type="method" name="Guzzle\Http\onRequestSent" count="0"/>
        <line num="60" type="stmt" count="0"/>
        <line num="61" type="stmt" count="0"/>
        <line num="64" type="stmt" count="0"/>
        <line num="65" type="stmt" count="0"/>
        <line num="69" type="stmt" count="0"/>
        <line num="72" type="stmt" count="0"/>
        <line num="73" type="stmt" count="0"/>
        <line num="75" type="stmt" count="0"/>
        <line num="76" type="stmt" count="0"/>
        <line num="77" type="stmt" count="0"/>
        <line num="78" type="stmt" count="0"/>
        <line num="79" type="stmt" count="0"/>
        <line num="82" type="stmt" count="0"/>
        <line num="83" type="stmt" count="0"/>
        <line num="92" type="method" name="Guzzle\Http\getOriginalRequest" count="0"/>
        <line num="94" type="stmt" count="0"/>
        <line num="96" type="stmt" count="0"/>
        <line num="97" type="stmt" count="0"/>
        <line num="98" type="stmt" count="0"/>
        <line num="100" type="stmt" count="0"/>
        <line num="117" type="method" name="Guzzle\Http\createRedirectRequest" count="0"/>
        <line num="123" type="stmt" count="0"/>
        <line num="124" type="stmt" count="0"/>
        <line num="128" type="stmt" count="0"/>
        <line num="129" type="stmt" count="0"/>
        <line num="130" type="stmt" count="0"/>
        <line num="131" type="stmt" count="0"/>
        <line num="134" type="stmt" count="0"/>
        <line num="136" type="stmt" count="0"/>
        <line num="138" type="stmt" count="0"/>
        <line num="140" type="stmt" count="0"/>
        <line num="141" type="stmt" count="0"/>
        <line num="143" type="stmt" count="0"/>
        <line num="144" type="stmt" count="0"/>
        <line num="145" type="stmt" count="0"/>
        <line num="147" type="stmt" count="0"/>
        <line num="150" type="stmt" count="0"/>
        <line num="151" type="stmt" count="0"/>
        <line num="152" type="stmt" count="0"/>
        <line num="153" type="stmt" count="0"/>
        <line num="154" type="stmt" count="0"/>
        <line num="155" type="stmt" count="0"/>
        <line num="156" type="stmt" count="0"/>
        <line num="159" type="stmt" count="0"/>
        <line num="160" type="stmt" count="0"/>
        <line num="162" type="stmt" count="0"/>
        <line num="163" type="stmt" count="0"/>
        <line num="166" type="stmt" count="0"/>
        <line num="167" type="stmt" count="0"/>
        <line num="169" type="stmt" count="0"/>
        <line num="171" type="stmt" count="0"/>
        <line num="183" type="method" name="Guzzle\Http\prepareRedirection" count="0"/>
        <line num="185" type="stmt" count="0"/>
        <line num="187" type="stmt" count="0"/>
        <line num="188" type="stmt" count="0"/>
        <line num="190" type="stmt" count="0"/>
        <line num="193" type="stmt" count="0"/>
        <line num="194" type="stmt" count="0"/>
        <line num="195" type="stmt" count="0"/>
        <line num="198" type="stmt" count="0"/>
        <line num="199" type="stmt" count="0"/>
        <line num="200" type="stmt" count="0"/>
        <line num="201" type="stmt" count="0"/>
        <line num="203" type="stmt" count="0"/>
        <line num="216" type="method" name="Guzzle\Http\sendRedirectRequest" count="0"/>
        <line num="219" type="stmt" count="0"/>
        <line num="221" type="stmt" count="0"/>
        <line num="222" type="stmt" count="0"/>
        <line num="223" type="stmt" count="0"/>
        <line num="224" type="stmt" count="0"/>
        <line num="225" type="stmt" count="0"/>
        <line num="228" type="stmt" count="0"/>
        <line num="229" type="stmt" count="0"/>
        <line num="239" type="method" name="Guzzle\Http\throwTooManyRedirectsException" count="0"/>
        <line num="241" type="stmt" count="0"/>
        <line num="242" type="stmt" count="0"/>
        <line num="243" type="stmt" count="0"/>
        <line num="244" type="stmt" count="0"/>
        <line num="245" type="stmt" count="0"/>
        <line num="246" type="stmt" count="0"/>
        <line num="248" type="stmt" count="0"/>
        <line num="249" type="stmt" count="0"/>
        <line num="251" type="stmt" count="1"/>
        <metrics loc="250" ncloc="151" classes="1" methods="8" coveredmethods="0" statements="86" coveredstatements="2" elements="94" coveredelements="2"/>
      </file>
    </package>
    <file name="/home/jflitton/Code/publish-service-client/vendor/hafriedlander/phockito/HamcrestTypeBridge.php">
      <class name="HamcrestTypeBridge" namespace="global">
        <metrics methods="1" coveredmethods="0" statements="3" coveredstatements="0" elements="4" coveredelements="0"/>
      </class>
      <line num="3" type="stmt" count="1"/>
      <line num="11" type="method" name="argOfTypeThat" count="0"/>
      <line num="12" type="stmt" count="0"/>
      <line num="13" type="stmt" count="0"/>
      <line num="14" type="stmt" count="0"/>
      <line num="16" type="stmt" count="1"/>
      <metrics loc="15" ncloc="8" classes="1" methods="1" coveredmethods="0" statements="5" coveredstatements="2" elements="6" coveredelements="2"/>
    </file>
    <file name="/home/jflitton/Code/publish-service-client/vendor/hafriedlander/phockito/hamcrest-php/hamcrest/Hamcrest.php">
      <line num="9" type="stmt" count="1"/>
      <line num="10" type="stmt" count="1"/>
      <line num="25" type="stmt" count="1"/>
      <line num="27" type="stmt" count="0"/>
      <line num="28" type="stmt" count="0"/>
      <line num="29" type="stmt" count="0"/>
      <line num="31" type="stmt" count="0"/>
      <line num="32" type="stmt" count="0"/>
      <line num="37" type="stmt" count="1"/>
      <line num="39" type="stmt" count="0"/>
      <line num="40" type="stmt" count="0"/>
      <line num="41" type="stmt" count="0"/>
      <line num="49" type="stmt" count="1"/>
      <line num="51" type="stmt" count="0"/>
      <line num="52" type="stmt" count="0"/>
      <line num="60" type="stmt" count="1"/>
      <line num="62" type="stmt" count="0"/>
      <line num="63" type="stmt" count="0"/>
      <line num="69" type="stmt" count="1"/>
      <line num="71" type="stmt" count="0"/>
      <line num="72" type="stmt" count="0"/>
      <line num="73" type="stmt" count="0"/>
      <line num="79" type="stmt" count="1"/>
      <line num="81" type="stmt" count="0"/>
      <line num="82" type="stmt" count="0"/>
      <line num="83" type="stmt" count="0"/>
      <line num="89" type="stmt" count="1"/>
      <line num="91" type="stmt" count="0"/>
      <line num="92" type="stmt" count="0"/>
      <line num="93" type="stmt" count="0"/>
      <line num="99" type="stmt" count="1"/>
      <line num="101" type="stmt" count="0"/>
      <line num="102" type="stmt" count="0"/>
      <line num="103" type="stmt" count="0"/>
      <line num="111" type="stmt" count="1"/>
      <line num="113" type="stmt" count="0"/>
      <line num="114" type="stmt" count="0"/>
      <line num="122" type="stmt" count="1"/>
      <line num="124" type="stmt" count="0"/>
      <line num="125" type="stmt" count="0"/>
      <line num="131" type="stmt" count="1"/>
      <line num="133" type="stmt" count="0"/>
      <line num="134" type="stmt" count="0"/>
      <line num="140" type="stmt" count="1"/>
      <line num="142" type="stmt" count="0"/>
      <line num="143" type="stmt" count="0"/>
      <line num="151" type="stmt" count="1"/>
      <line num="153" type="stmt" count="0"/>
      <line num="154" type="stmt" count="0"/>
      <line num="160" type="stmt" count="1"/>
      <line num="162" type="stmt" count="0"/>
      <line num="163" type="stmt" count="0"/>
      <line num="169" type="stmt" count="1"/>
      <line num="171" type="stmt" count="0"/>
      <line num="172" type="stmt" count="0"/>
      <line num="178" type="stmt" count="1"/>
      <line num="180" type="stmt" count="0"/>
      <line num="181" type="stmt" count="0"/>
      <line num="187" type="stmt" count="1"/>
      <line num="189" type="stmt" count="0"/>
      <line num="190" type="stmt" count="0"/>
      <line num="196" type="stmt" count="1"/>
      <line num="198" type="stmt" count="0"/>
      <line num="199" type="stmt" count="0"/>
      <line num="205" type="stmt" count="1"/>
      <line num="207" type="stmt" count="0"/>
      <line num="208" type="stmt" count="0"/>
      <line num="209" type="stmt" count="0"/>
      <line num="215" type="stmt" count="1"/>
      <line num="217" type="stmt" count="0"/>
      <line num="218" type="stmt" count="0"/>
      <line num="219" type="stmt" count="0"/>
      <line num="225" type="stmt" count="1"/>
      <line num="227" type="stmt" count="0"/>
      <line num="228" type="stmt" count="0"/>
      <line num="229" type="stmt" count="0"/>
      <line num="239" type="stmt" count="1"/>
      <line num="241" type="stmt" count="0"/>
      <line num="242" type="stmt" count="0"/>
      <line num="252" type="stmt" count="1"/>
      <line num="254" type="stmt" count="0"/>
      <line num="255" type="stmt" count="0"/>
      <line num="261" type="stmt" count="1"/>
      <line num="263" type="stmt" count="0"/>
      <line num="264" type="stmt" count="0"/>
      <line num="265" type="stmt" count="0"/>
      <line num="275" type="stmt" count="1"/>
      <line num="277" type="stmt" count="0"/>
      <line num="278" type="stmt" count="0"/>
      <line num="284" type="stmt" count="1"/>
      <line num="286" type="stmt" count="0"/>
      <line num="287" type="stmt" count="0"/>
      <line num="297" type="stmt" count="1"/>
      <line num="299" type="stmt" count="0"/>
      <line num="300" type="stmt" count="0"/>
      <line num="308" type="stmt" count="1"/>
      <line num="310" type="stmt" count="0"/>
      <line num="311" type="stmt" count="0"/>
      <line num="324" type="stmt" count="1"/>
      <line num="326" type="stmt" count="0"/>
      <line num="327" type="stmt" count="0"/>
      <line num="328" type="stmt" count="0"/>
      <line num="340" type="stmt" count="1"/>
      <line num="342" type="stmt" count="0"/>
      <line num="343" type="stmt" count="0"/>
      <line num="344" type="stmt" count="0"/>
      <line num="351" type="stmt" count="1"/>
      <line num="353" type="stmt" count="0"/>
      <line num="354" type="stmt" count="0"/>
      <line num="360" type="stmt" count="1"/>
      <line num="362" type="stmt" count="0"/>
      <line num="363" type="stmt" count="0"/>
      <line num="372" type="stmt" count="1"/>
      <line num="374" type="stmt" count="0"/>
      <line num="375" type="stmt" count="0"/>
      <line num="384" type="stmt" count="1"/>
      <line num="386" type="stmt" count="0"/>
      <line num="387" type="stmt" count="0"/>
      <line num="393" type="stmt" count="1"/>
      <line num="395" type="stmt" count="0"/>
      <line num="396" type="stmt" count="0"/>
      <line num="402" type="stmt" count="1"/>
      <line num="404" type="stmt" count="0"/>
      <line num="405" type="stmt" count="0"/>
      <line num="411" type="stmt" count="1"/>
      <line num="413" type="stmt" count="0"/>
      <line num="414" type="stmt" count="0"/>
      <line num="424" type="stmt" count="1"/>
      <line num="426" type="stmt" count="0"/>
      <line num="427" type="stmt" count="0"/>
      <line num="433" type="stmt" count="1"/>
      <line num="435" type="stmt" count="0"/>
      <line num="436" type="stmt" count="0"/>
      <line num="442" type="stmt" count="1"/>
      <line num="444" type="stmt" count="0"/>
      <line num="445" type="stmt" count="0"/>
      <line num="451" type="stmt" count="1"/>
      <line num="453" type="stmt" count="0"/>
      <line num="454" type="stmt" count="0"/>
      <line num="461" type="stmt" count="1"/>
      <line num="463" type="stmt" count="0"/>
      <line num="464" type="stmt" count="0"/>
      <line num="470" type="stmt" count="1"/>
      <line num="472" type="stmt" count="0"/>
      <line num="473" type="stmt" count="0"/>
      <line num="479" type="stmt" count="1"/>
      <line num="481" type="stmt" count="0"/>
      <line num="482" type="stmt" count="0"/>
      <line num="488" type="stmt" count="1"/>
      <line num="490" type="stmt" count="0"/>
      <line num="491" type="stmt" count="0"/>
      <line num="497" type="stmt" count="1"/>
      <line num="499" type="stmt" count="0"/>
      <line num="500" type="stmt" count="0"/>
      <line num="506" type="stmt" count="1"/>
      <line num="508" type="stmt" count="0"/>
      <line num="509" type="stmt" count="0"/>
      <line num="515" type="stmt" count="1"/>
      <line num="517" type="stmt" count="0"/>
      <line num="518" type="stmt" count="0"/>
      <line num="524" type="stmt" count="1"/>
      <line num="526" type="stmt" count="0"/>
      <line num="527" type="stmt" count="0"/>
      <line num="533" type="stmt" count="1"/>
      <line num="535" type="stmt" count="0"/>
      <line num="536" type="stmt" count="0"/>
      <line num="542" type="stmt" count="1"/>
      <line num="544" type="stmt" count="0"/>
      <line num="545" type="stmt" count="0"/>
      <line num="551" type="stmt" count="1"/>
      <line num="553" type="stmt" count="0"/>
      <line num="554" type="stmt" count="0"/>
      <line num="560" type="stmt" count="1"/>
      <line num="562" type="stmt" count="0"/>
      <line num="563" type="stmt" count="0"/>
      <line num="569" type="stmt" count="1"/>
      <line num="571" type="stmt" count="0"/>
      <line num="572" type="stmt" count="0"/>
      <line num="578" type="stmt" count="1"/>
      <line num="580" type="stmt" count="0"/>
      <line num="581" type="stmt" count="0"/>
      <line num="587" type="stmt" count="1"/>
      <line num="589" type="stmt" count="0"/>
      <line num="590" type="stmt" count="0"/>
      <line num="596" type="stmt" count="1"/>
      <line num="598" type="stmt" count="0"/>
      <line num="599" type="stmt" count="0"/>
      <line num="605" type="stmt" count="1"/>
      <line num="607" type="stmt" count="0"/>
      <line num="608" type="stmt" count="0"/>
      <line num="614" type="stmt" count="1"/>
      <line num="616" type="stmt" count="0"/>
      <line num="617" type="stmt" count="0"/>
      <line num="623" type="stmt" count="1"/>
      <line num="625" type="stmt" count="0"/>
      <line num="626" type="stmt" count="0"/>
      <line num="632" type="stmt" count="1"/>
      <line num="634" type="stmt" count="0"/>
      <line num="635" type="stmt" count="0"/>
      <line num="636" type="stmt" count="0"/>
      <line num="642" type="stmt" count="1"/>
      <line num="644" type="stmt" count="0"/>
      <line num="645" type="stmt" count="0"/>
      <line num="651" type="stmt" count="1"/>
      <line num="653" type="stmt" count="0"/>
      <line num="654" type="stmt" count="0"/>
      <line num="660" type="stmt" count="1"/>
      <line num="662" type="stmt" count="0"/>
      <line num="663" type="stmt" count="0"/>
      <line num="669" type="stmt" count="1"/>
      <line num="671" type="stmt" count="0"/>
      <line num="672" type="stmt" count="0"/>
      <line num="678" type="stmt" count="1"/>
      <line num="680" type="stmt" count="0"/>
      <line num="681" type="stmt" count="0"/>
      <line num="687" type="stmt" count="1"/>
      <line num="689" type="stmt" count="0"/>
      <line num="690" type="stmt" count="0"/>
      <line num="696" type="stmt" count="1"/>
      <line num="698" type="stmt" count="0"/>
      <line num="699" type="stmt" count="0"/>
      <line num="705" type="stmt" count="1"/>
      <line num="707" type="stmt" count="0"/>
      <line num="708" type="stmt" count="0"/>
      <line num="714" type="stmt" count="1"/>
      <line num="716" type="stmt" count="0"/>
      <line num="717" type="stmt" count="0"/>
      <line num="723" type="stmt" count="1"/>
      <line num="725" type="stmt" count="0"/>
      <line num="726" type="stmt" count="0"/>
      <line num="732" type="stmt" count="1"/>
      <line num="734" type="stmt" count="0"/>
      <line num="735" type="stmt" count="0"/>
      <line num="741" type="stmt" count="1"/>
      <line num="743" type="stmt" count="0"/>
      <line num="744" type="stmt" count="0"/>
      <line num="750" type="stmt" count="1"/>
      <line num="752" type="stmt" count="0"/>
      <line num="753" type="stmt" count="0"/>
      <line num="759" type="stmt" count="1"/>
      <line num="761" type="stmt" count="0"/>
      <line num="762" type="stmt" count="0"/>
      <line num="768" type="stmt" count="1"/>
      <line num="770" type="stmt" count="0"/>
      <line num="771" type="stmt" count="0"/>
      <line num="777" type="stmt" count="1"/>
      <line num="779" type="stmt" count="0"/>
      <line num="780" type="stmt" count="0"/>
      <line num="788" type="stmt" count="1"/>
      <line num="790" type="stmt" count="0"/>
      <line num="791" type="stmt" count="0"/>
      <line num="793" type="stmt" count="1"/>
      <metrics loc="792" ncloc="476" classes="0" methods="0" coveredmethods="0" statements="252" coveredstatements="81" elements="252" coveredelements="81"/>
    </file>
    <file name="/home/jflitton/Code/publish-service-client/vendor/guzzle/guzzle/src/Guzzle/Parser/UriTemplate/UriTemplateInterface.php">
      <line num="10" type="stmt" count="1"/>
      <line num="22" type="stmt" count="1"/>
      <metrics loc="21" ncloc="8" classes="0" methods="0" coveredmethods="0" statements="2" coveredstatements="2" elements="2" coveredelements="2"/>
    </file>
    <file name="/home/jflitton/Code/publish-service-client/vendor/guzzle/guzzle/src/Guzzle/Http/Message/RequestInterface.php">
      <line num="16" type="stmt" count="1"/>
      <line num="319" type="stmt" count="1"/>
      <metrics loc="318" ncloc="97" classes="0" methods="0" coveredmethods="0" statements="2" coveredstatements="2" elements="2" coveredelements="2"/>
    </file>
    <file name="/home/jflitton/Code/publish-service-client/vendor/symfony/event-dispatcher/Symfony/Component/EventDispatcher/EventSubscriberInterface.php">
      <line num="27" type="stmt" count="1"/>
      <line num="51" type="stmt" count="1"/>
      <metrics loc="50" ncloc="9" classes="0" methods="0" coveredmethods="0" statements="2" coveredstatements="2" elements="2" coveredelements="2"/>
    </file>
    <file name="/home/jflitton/Code/publish-service-client/vendor/hafriedlander/phockito/HamcrestTypeBridge_Globals.php">
      <line num="2" type="stmt" count="1"/>
      <line num="4" type="stmt" count="1"/>
      <line num="5" type="stmt" count="0"/>
      <line num="6" type="stmt" count="1"/>
      <metrics loc="5" ncloc="5" classes="0" methods="0" coveredmethods="0" statements="4" coveredstatements="3" elements="4" coveredelements="3"/>
    </file>
    <package name="PhpDocReader">
      <file name="/home/jflitton/Code/publish-service-client/vendor/mnapoli/phpdocreader/src/PhpDocReader/PhpDocReader.php">
        <class name="PhpDocReader\PhpDocReader" namespace="PhpDocReader" fullPackage="PhpDocReader">
          <metrics methods="4" coveredmethods="3" statements="76" coveredstatements="23" elements="80" coveredelements="26"/>
        </class>
        <line num="0" type="stmt" count="1"/>
        <line num="15" type="stmt" count="1"/>
        <line num="25" type="method" name="PhpDocReader\__construct" count="1"/>
        <line num="27" type="stmt" count="1"/>
        <line num="28" type="stmt" count="1"/>
        <line num="38" type="method" name="PhpDocReader\getPropertyType" count="1"/>
        <line num="41" type="stmt" count="1"/>
        <line num="42" type="stmt" count="1"/>
        <line num="43" type="stmt" count="1"/>
        <line num="44" type="stmt" count="0"/>
        <line num="47" type="stmt" count="1"/>
        <line num="50" type="stmt" count="1"/>
        <line num="51" type="stmt" count="1"/>
        <line num="52" type="stmt" count="1"/>
        <line num="55" type="stmt" count="1"/>
        <line num="57" type="stmt" count="1"/>
        <line num="59" type="stmt" count="1"/>
        <line num="61" type="stmt" count="1"/>
        <line num="62" type="stmt" count="1"/>
        <line num="63" type="stmt" count="1"/>
        <line num="64" type="stmt" count="0"/>
        <line num="66" type="stmt" count="1"/>
        <line num="67" type="stmt" count="1"/>
        <line num="68" type="stmt" count="0"/>
        <line num="69" type="stmt" count="0"/>
        <line num="70" type="stmt" count="0"/>
        <line num="72" type="stmt" count="0"/>
        <line num="73" type="stmt" count="0"/>
        <line num="74" type="stmt" count="0"/>
        <line num="76" type="stmt" count="0"/>
        <line num="77" type="stmt" count="0"/>
        <line num="79" type="stmt" count="1"/>
        <line num="80" type="stmt" count="0"/>
        <line num="81" type="stmt" count="0"/>
        <line num="83" type="stmt" count="1"/>
        <line num="85" type="stmt" count="1"/>
        <line num="86" type="stmt" count="0"/>
        <line num="87" type="stmt" count="0"/>
        <line num="91" type="stmt" count="1"/>
        <line num="93" type="stmt" count="1"/>
        <line num="104" type="method" name="PhpDocReader\getParameterType" count="0"/>
        <line num="107" type="stmt" count="0"/>
        <line num="108" type="stmt" count="0"/>
        <line num="109" type="stmt" count="0"/>
        <line num="112" type="stmt" count="0"/>
        <line num="114" type="stmt" count="0"/>
        <line num="115" type="stmt" count="0"/>
        <line num="116" type="stmt" count="0"/>
        <line num="117" type="stmt" count="0"/>
        <line num="118" type="stmt" count="0"/>
        <line num="121" type="stmt" count="0"/>
        <line num="124" type="stmt" count="0"/>
        <line num="125" type="stmt" count="0"/>
        <line num="126" type="stmt" count="0"/>
        <line num="129" type="stmt" count="0"/>
        <line num="131" type="stmt" count="0"/>
        <line num="133" type="stmt" count="0"/>
        <line num="135" type="stmt" count="0"/>
        <line num="136" type="stmt" count="0"/>
        <line num="137" type="stmt" count="0"/>
        <line num="138" type="stmt" count="0"/>
        <line num="140" type="stmt" count="0"/>
        <line num="141" type="stmt" count="0"/>
        <line num="142" type="stmt" count="0"/>
        <line num="143" type="stmt" count="0"/>
        <line num="144" type="stmt" count="0"/>
        <line num="146" type="stmt" count="0"/>
        <line num="147" type="stmt" count="0"/>
        <line num="148" type="stmt" count="0"/>
        <line num="150" type="stmt" count="0"/>
        <line num="151" type="stmt" count="0"/>
        <line num="153" type="stmt" count="0"/>
        <line num="154" type="stmt" count="0"/>
        <line num="155" type="stmt" count="0"/>
        <line num="157" type="stmt" count="0"/>
        <line num="159" type="stmt" count="0"/>
        <line num="160" type="stmt" count="0"/>
        <line num="161" type="stmt" count="0"/>
        <line num="165" type="stmt" count="0"/>
        <line num="167" type="stmt" count="0"/>
        <line num="174" type="method" name="PhpDocReader\classExists" count="1"/>
        <line num="176" type="stmt" count="1"/>
        <line num="179" type="stmt" count="1"/>
        <metrics loc="178" ncloc="117" classes="1" methods="4" coveredmethods="3" statements="79" coveredstatements="26" elements="83" coveredelements="29"/>
      </file>
    </package>
    <file name="/home/jflitton/Code/publish-service-client/vendor/hafriedlander/phockito/hamcrest-php/hamcrest/Hamcrest/SelfDescribing.php">
      <line num="7" type="stmt" count="1"/>
      <line num="12" type="stmt" count="1"/>
      <line num="26" type="stmt" count="1"/>
      <metrics loc="25" ncloc="11" classes="0" methods="0" coveredmethods="0" statements="3" coveredstatements="3" elements="3" coveredelements="3"/>
    </file>
    <file name="/home/jflitton/Code/publish-service-client/vendor/hafriedlander/phockito/hamcrest-php/hamcrest/Hamcrest/Internal/SelfDescribingValue.php">
      <class name="Hamcrest_Internal_SelfDescribingValue" namespace="global" fullPackage="Hamcrest.Internal">
        <metrics methods="2" coveredmethods="0" statements="4" coveredstatements="0" elements="6" coveredelements="0"/>
      </class>
      <line num="7" type="stmt" count="1"/>
      <line num="8" type="stmt" count="1"/>
      <line num="13" type="stmt" count="1"/>
      <line num="18" type="method" name="__construct" count="0"/>
      <line num="20" type="stmt" count="0"/>
      <line num="21" type="stmt" count="0"/>
      <line num="23" type="method" name="describeTo" count="0"/>
      <line num="25" type="stmt" count="0"/>
      <line num="26" type="stmt" count="0"/>
      <line num="29" type="stmt" count="1"/>
      <metrics loc="28" ncloc="22" classes="1" methods="2" coveredmethods="0" statements="8" coveredstatements="4" elements="10" coveredelements="4"/>
    </file>
    <file name="/home/jflitton/Code/publish-service-client/vendor/guzzle/guzzle/src/Guzzle/Common/HasDispatcherInterface.php">
      <line num="11" type="stmt" count="1"/>
      <line num="55" type="stmt" count="1"/>
      <metrics loc="54" ncloc="19" classes="0" methods="0" coveredmethods="0" statements="2" coveredstatements="2" elements="2" coveredelements="2"/>
    </file>
    <file name="/home/jflitton/Code/publish-service-client/vendor/symfony/event-dispatcher/Symfony/Component/EventDispatcher/EventDispatcherInterface.php">
      <line num="23" type="stmt" count="1"/>
      <line num="97" type="stmt" count="1"/>
      <metrics loc="96" ncloc="21" classes="0" methods="0" coveredmethods="0" statements="2" coveredstatements="2" elements="2" coveredelements="2"/>
    </file>
    <file name="/home/jflitton/Code/publish-service-client/vendor/hafriedlander/phockito/hamcrest-php/hamcrest/Hamcrest/BaseMatcher.php">
      <class name="Hamcrest_BaseMatcher" namespace="global" fullPackage="Hamcrest">
        <metrics methods="2" coveredmethods="0" statements="3" coveredstatements="0" elements="5" coveredelements="0"/>
      </class>
      <line num="7" type="stmt" count="1"/>
      <line num="8" type="stmt" count="1"/>
      <line num="9" type="stmt" count="1"/>
      <line num="16" type="stmt" count="1"/>
      <line num="19" type="method" name="describeMismatch" count="0"/>
      <line num="21" type="stmt" count="0"/>
      <line num="22" type="stmt" count="0"/>
      <line num="24" type="method" name="__toString" count="0"/>
      <line num="26" type="stmt" count="0"/>
      <line num="30" type="stmt" count="1"/>
      <metrics loc="29" ncloc="21" classes="1" methods="2" coveredmethods="0" statements="8" coveredstatements="5" elements="10" coveredelements="5"/>
    </file>
    <file name="/home/jflitton/Code/publish-service-client/vendor/guzzle/guzzle/src/Guzzle/Http/Message/MessageInterface.php">
      <line num="8" type="stmt" count="1"/>
      <line num="103" type="stmt" count="1"/>
      <metrics loc="102" ncloc="28" classes="0" methods="0" coveredmethods="0" statements="2" coveredstatements="2" elements="2" coveredelements="2"/>
    </file>
    <file name="/home/jflitton/Code/publish-service-client/vendor/hafriedlander/phockito/Phockito.php">
      <class name="Phockito" namespace="global">
        <metrics methods="15" coveredmethods="9" statements="181" coveredstatements="112" elements="196" coveredelements="121"/>
      </class>
      <class name="Phockito_WhenBuilder" namespace="global" fullPackage="Phockito">
        <metrics methods="3" coveredmethods="0" statements="37" coveredstatements="0" elements="40" coveredelements="0"/>
      </class>
      <class name="Phockito_VerifyBuilder" namespace="global" fullPackage="Phockito">
        <metrics methods="2" coveredmethods="2" statements="29" coveredstatements="15" elements="31" coveredelements="17"/>
      </class>
      <line num="0" type="stmt" count="1"/>
      <line num="42" type="stmt" count="1"/>
      <line num="88" type="method" name="_has_namespaces" count="1"/>
      <line num="89" type="stmt" count="1"/>
      <line num="96" type="method" name="_arguments_match" count="1"/>
      <line num="98" type="stmt" count="1"/>
      <line num="100" type="stmt" count="1"/>
      <line num="102" type="stmt" count="1"/>
      <line num="103" type="stmt" count="1"/>
      <line num="106" type="stmt" count="1"/>
      <line num="109" type="stmt" count="1"/>
      <line num="110" type="stmt" count="1"/>
      <line num="111" type="stmt" count="1"/>
      <line num="114" type="stmt" count="1"/>
      <line num="116" type="stmt" count="0"/>
      <line num="117" type="stmt" count="0"/>
      <line num="118" type="stmt" count="0"/>
      <line num="119" type="stmt" count="0"/>
      <line num="120" type="stmt" count="0"/>
      <line num="121" type="stmt" count="0"/>
      <line num="122" type="stmt" count="0"/>
      <line num="123" type="stmt" count="0"/>
      <line num="126" type="stmt" count="1"/>
      <line num="128" type="stmt" count="1"/>
      <line num="130" type="stmt" count="1"/>
      <line num="137" type="method" name="__called" count="1"/>
      <line num="139" type="stmt" count="1"/>
      <line num="140" type="stmt" count="1"/>
      <line num="141" type="stmt" count="1"/>
      <line num="142" type="stmt" count="1"/>
      <line num="144" type="stmt" count="1"/>
      <line num="147" type="stmt" count="1"/>
      <line num="149" type="stmt" count="0"/>
      <line num="150" type="stmt" count="0"/>
      <line num="152" type="stmt" count="0"/>
      <line num="153" type="stmt" count="0"/>
      <line num="155" type="stmt" count="0"/>
      <line num="156" type="stmt" count="0"/>
      <line num="157" type="stmt" count="1"/>
      <line num="159" type="method" name="__perform_response" count="0"/>
      <line num="160" type="stmt" count="0"/>
      <line num="161" type="stmt" count="0"/>
      <line num="163" type="stmt" count="0"/>
      <line num="164" type="stmt" count="0"/>
      <line num="166" type="stmt" count="0"/>
      <line num="167" type="stmt" count="0"/>
      <line num="168" type="stmt" count="0"/>
      <line num="181" type="method" name="build_test_double" count="1"/>
      <line num="183" type="stmt" count="1"/>
      <line num="186" type="stmt" count="1"/>
      <line num="189" type="stmt" count="1"/>
      <line num="191" type="stmt" count="1"/>
      <line num="194" type="stmt" count="1"/>
      <line num="197" type="stmt" count="1"/>
      <line num="198" type="stmt" count="1"/>
      <line num="199" type="stmt" count="1"/>
      <line num="200" type="stmt" count="1"/>
      <line num="202" type="stmt" count="0"/>
      <line num="203" type="stmt" count="0"/>
      <line num="207" type="stmt" count="1"/>
      <line num="209" type="stmt" count="1"/>
      <line num="212" type="stmt" count="1"/>
      <line num="215" type="stmt" count="1"/>
      <line num="218" type="stmt" count="1"/>
      <line num="219" type="stmt" count="1"/>
      <line num="222" type="stmt" count="1"/>
      <line num="225" type="stmt" count="1"/>
      <line num="227" type="stmt" count="1"/>
      <line num="232" type="stmt" count="1"/>
      <line num="233" type="stmt" count="1"/>
      <line num="234" type="stmt" count="1"/>
      <line num="238" type="stmt" count="1"/>
      <line num="240" type="stmt" count="1"/>
      <line num="243" type="stmt" count="1"/>
      <line num="246" type="stmt" count="1"/>
      <line num="248" type="stmt" count="1"/>
      <line num="251" type="stmt" count="1"/>
      <line num="252" type="stmt" count="1"/>
      <line num="253" type="stmt" count="0"/>
      <line num="254" type="stmt" count="0"/>
      <line num="257" type="stmt" count="1"/>
      <line num="260" type="stmt" count="1"/>
      <line num="263" type="stmt" count="1"/>
      <line num="266" type="stmt" count="1"/>
      <line num="268" type="stmt" count="1"/>
      <line num="270" type="stmt" count="1"/>
      <line num="273" type="stmt" count="1"/>
      <line num="274" type="stmt" count="1"/>
      <line num="275" type="stmt" count="1"/>
      <line num="278" type="stmt" count="1"/>
      <line num="280" type="stmt" count="1"/>
      <line num="281" type="stmt" count="1"/>
      <line num="285" type="stmt" count="1"/>
      <line num="287" type="stmt" count="1"/>
      <line num="288" type="stmt" count="1"/>
      <line num="289" type="stmt" count="1"/>
      <line num="290" type="stmt" count="1"/>
      <line num="293" type="stmt" count="1"/>
      <line num="294" type="stmt" count="1"/>
      <line num="297" type="stmt" count="1"/>
      <line num="300" type="stmt" count="1"/>
      <line num="301" type="stmt" count="0"/>
      <line num="302" type="stmt" count="0"/>
      <line num="304" type="stmt" count="1"/>
      <line num="308" type="stmt" count="1"/>
      <line num="309" type="stmt" count="1"/>
      <line num="310" type="stmt" count="0"/>
      <line num="312" type="stmt" count="0"/>
      <line num="313" type="stmt" count="0"/>
      <line num="315" type="stmt" count="0"/>
      <line num="316" type="stmt" count="1"/>
      <line num="317" type="stmt" count="1"/>
      <line num="318" type="stmt" count="0"/>
      <line num="319" type="stmt" count="0"/>
      <line num="320" type="stmt" count="1"/>
      <line num="321" type="stmt" count="0"/>
      <line num="322" type="stmt" count="0"/>
      <line num="325" type="stmt" count="1"/>
      <line num="326" type="stmt" count="1"/>
      <line num="330" type="stmt" count="1"/>
      <line num="332" type="stmt" count="1"/>
      <line num="334" type="stmt" count="1"/>
      <line num="336" type="stmt" count="1"/>
      <line num="339" type="stmt" count="1"/>
      <line num="342" type="stmt" count="1"/>
      <line num="344" type="stmt" count="1"/>
      <line num="346" type="stmt" count="1"/>
      <line num="348" type="stmt" count="1"/>
      <line num="349" type="stmt" count="1"/>
      <line num="350" type="stmt" count="1"/>
      <line num="354" type="stmt" count="1"/>
      <line num="355" type="stmt" count="0"/>
      <line num="356" type="stmt" count="0"/>
      <line num="357" type="stmt" count="0"/>
      <line num="358" type="stmt" count="1"/>
      <line num="360" type="stmt" count="1"/>
      <line num="363" type="stmt" count="1"/>
      <line num="365" type="stmt" count="1"/>
      <line num="366" type="stmt" count="1"/>
      <line num="367" type="stmt" count="1"/>
      <line num="371" type="stmt" count="1"/>
      <line num="376" type="stmt" count="1"/>
      <line num="377" type="stmt" count="1"/>
      <line num="388" type="method" name="mock_class" count="1"/>
      <line num="389" type="stmt" count="1"/>
      <line num="392" type="stmt" count="1"/>
      <line num="393" type="stmt" count="1"/>
      <line num="395" type="stmt" count="1"/>
      <line num="405" type="method" name="mock_instance" count="1"/>
      <line num="406" type="stmt" count="1"/>
      <line num="407" type="stmt" count="1"/>
      <line num="413" type="method" name="mock" count="1"/>
      <line num="414" type="stmt" count="1"/>
      <line num="417" type="method" name="spy_class" count="0"/>
      <line num="418" type="stmt" count="0"/>
      <line num="421" type="stmt" count="0"/>
      <line num="422" type="stmt" count="0"/>
      <line num="424" type="stmt" count="0"/>
      <line num="429" type="method" name="spy_instance" count="0"/>
      <line num="430" type="stmt" count="0"/>
      <line num="432" type="stmt" count="0"/>
      <line num="435" type="stmt" count="0"/>
      <line num="436" type="stmt" count="0"/>
      <line num="439" type="stmt" count="0"/>
      <line num="440" type="stmt" count="0"/>
      <line num="441" type="stmt" count="0"/>
      <line num="442" type="stmt" count="0"/>
      <line num="443" type="stmt" count="0"/>
      <line num="445" type="stmt" count="0"/>
      <line num="447" type="stmt" count="0"/>
      <line num="450" type="stmt" count="0"/>
      <line num="453" type="method" name="spy" count="0"/>
      <line num="454" type="stmt" count="0"/>
      <line num="455" type="stmt" count="0"/>
      <line num="464" type="method" name="when" count="0"/>
      <line num="465" type="stmt" count="0"/>
      <line num="466" type="stmt" count="0"/>
      <line num="469" type="stmt" count="0"/>
      <line num="470" type="stmt" count="0"/>
      <line num="483" type="method" name="verify" count="1"/>
      <line num="484" type="stmt" count="1"/>
      <line num="492" type="method" name="reset" count="0"/>
      <line num="494" type="stmt" count="0"/>
      <line num="497" type="stmt" count="0"/>
      <line num="498" type="stmt" count="0"/>
      <line num="501" type="stmt" count="0"/>
      <line num="502" type="stmt" count="0"/>
      <line num="503" type="stmt" count="0"/>
      <line num="504" type="stmt" count="0"/>
      <line num="511" type="method" name="include_hamcrest" count="1"/>
      <line num="512" type="stmt" count="1"/>
      <line num="514" type="stmt" count="1"/>
      <line num="515" type="stmt" count="1"/>
      <line num="516" type="stmt" count="1"/>
      <line num="517" type="stmt" count="1"/>
      <line num="518" type="stmt" count="0"/>
      <line num="519" type="stmt" count="0"/>
      <line num="521" type="stmt" count="1"/>
      <line num="527" type="stmt" count="1"/>
      <line num="540" type="stmt" count="1"/>
      <line num="551" type="method" name="__phockito_setMethod" count="0"/>
      <line num="552" type="stmt" count="0"/>
      <line num="553" type="stmt" count="0"/>
      <line num="555" type="stmt" count="0"/>
      <line num="556" type="stmt" count="0"/>
      <line num="558" type="stmt" count="0"/>
      <line num="559" type="stmt" count="0"/>
      <line num="560" type="stmt" count="0"/>
      <line num="561" type="stmt" count="0"/>
      <line num="562" type="stmt" count="0"/>
      <line num="563" type="stmt" count="0"/>
      <line num="565" type="method" name="__construct" count="0"/>
      <line num="566" type="stmt" count="0"/>
      <line num="567" type="stmt" count="0"/>
      <line num="568" type="stmt" count="0"/>
      <line num="576" type="method" name="__call" count="0"/>
      <line num="577" type="stmt" count="0"/>
      <line num="578" type="stmt" count="0"/>
      <line num="579" type="stmt" count="0"/>
      <line num="581" type="stmt" count="0"/>
      <line num="582" type="stmt" count="0"/>
      <line num="584" type="stmt" count="0"/>
      <line num="585" type="stmt" count="0"/>
      <line num="586" type="stmt" count="0"/>
      <line num="587" type="stmt" count="0"/>
      <line num="588" type="stmt" count="0"/>
      <line num="589" type="stmt" count="0"/>
      <line num="590" type="stmt" count="0"/>
      <line num="591" type="stmt" count="0"/>
      <line num="592" type="stmt" count="0"/>
      <line num="594" type="stmt" count="0"/>
      <line num="596" type="stmt" count="0"/>
      <line num="597" type="stmt" count="0"/>
      <line num="598" type="stmt" count="0"/>
      <line num="600" type="stmt" count="0"/>
      <line num="602" type="stmt" count="0"/>
      <line num="603" type="stmt" count="0"/>
      <line num="605" type="stmt" count="0"/>
      <line num="607" type="stmt" count="0"/>
      <line num="610" type="stmt" count="0"/>
      <line num="619" type="stmt" count="1"/>
      <line num="627" type="method" name="__construct" count="1"/>
      <line num="628" type="stmt" count="1"/>
      <line num="629" type="stmt" count="1"/>
      <line num="630" type="stmt" count="1"/>
      <line num="632" type="stmt" count="1"/>
      <line num="633" type="stmt" count="1"/>
      <line num="634" type="stmt" count="0"/>
      <line num="635" type="stmt" count="1"/>
      <line num="637" type="stmt" count="1"/>
      <line num="639" type="method" name="__call" count="1"/>
      <line num="640" type="stmt" count="1"/>
      <line num="642" type="stmt" count="1"/>
      <line num="643" type="stmt" count="1"/>
      <line num="644" type="stmt" count="1"/>
      <line num="645" type="stmt" count="1"/>
      <line num="646" type="stmt" count="1"/>
      <line num="648" type="stmt" count="1"/>
      <line num="649" type="stmt" count="0"/>
      <line num="650" type="stmt" count="0"/>
      <line num="652" type="stmt" count="1"/>
      <line num="655" type="stmt" count="0"/>
      <line num="656" type="stmt" count="0"/>
      <line num="657" type="stmt" count="0"/>
      <line num="659" type="stmt" count="0"/>
      <line num="661" type="stmt" count="0"/>
      <line num="662" type="stmt" count="0"/>
      <line num="663" type="stmt" count="0"/>
      <line num="664" type="stmt" count="0"/>
      <line num="665" type="stmt" count="0"/>
      <line num="667" type="stmt" count="0"/>
      <line num="668" type="stmt" count="0"/>
      <line num="672" type="stmt" count="1"/>
      <metrics loc="671" ncloc="406" classes="3" methods="20" coveredmethods="11" statements="253" coveredstatements="133" elements="273" coveredelements="144"/>
    </file>
    <file name="/home/jflitton/Code/publish-service-client/vendor/hafriedlander/phockito/hamcrest-php/hamcrest/Hamcrest/StringDescription.php">
      <class name="Hamcrest_StringDescription" namespace="global" fullPackage="Hamcrest">
        <metrics methods="5" coveredmethods="0" statements="8" coveredstatements="0" elements="13" coveredelements="0"/>
      </class>
      <line num="7" type="stmt" count="1"/>
      <line num="8" type="stmt" count="1"/>
      <line num="14" type="stmt" count="1"/>
      <line num="18" type="method" name="__construct" count="0"/>
      <line num="20" type="stmt" count="0"/>
      <line num="21" type="stmt" count="0"/>
      <line num="23" type="method" name="__toString" count="0"/>
      <line num="25" type="stmt" count="0"/>
      <line num="38" type="method" name="toString" count="0"/>
      <line num="40" type="stmt" count="0"/>
      <line num="41" type="stmt" count="0"/>
      <line num="47" type="method" name="asString" count="0"/>
      <line num="49" type="stmt" count="0"/>
      <line num="54" type="method" name="append" count="0"/>
      <line num="56" type="stmt" count="0"/>
      <line num="57" type="stmt" count="0"/>
      <line num="60" type="stmt" count="1"/>
      <metrics loc="59" ncloc="38" classes="1" methods="5" coveredmethods="0" statements="12" coveredstatements="4" elements="17" coveredelements="4"/>
    </file>
    <file name="/home/jflitton/Code/publish-service-client/vendor/hafriedlander/phockito/hamcrest-php/hamcrest/Hamcrest/BaseDescription.php">
      <class name="Hamcrest_BaseDescription" namespace="global" fullPackage="Hamcrest">
        <metrics methods="6" coveredmethods="0" statements="72" coveredstatements="0" elements="78" coveredelements="0"/>
      </class>
      <line num="7" type="stmt" count="1"/>
      <line num="8" type="stmt" count="1"/>
      <line num="9" type="stmt" count="1"/>
      <line num="14" type="stmt" count="1"/>
      <line num="17" type="method" name="appendText" count="0"/>
      <line num="19" type="stmt" count="0"/>
      <line num="20" type="stmt" count="0"/>
      <line num="23" type="method" name="appendDescriptionOf" count="0"/>
      <line num="25" type="stmt" count="0"/>
      <line num="26" type="stmt" count="0"/>
      <line num="29" type="method" name="appendValue" count="0"/>
      <line num="31" type="stmt" count="0"/>
      <line num="32" type="stmt" count="0"/>
      <line num="33" type="stmt" count="0"/>
      <line num="34" type="stmt" count="0"/>
      <line num="35" type="stmt" count="0"/>
      <line num="37" type="stmt" count="0"/>
      <line num="38" type="stmt" count="0"/>
      <line num="39" type="stmt" count="0"/>
      <line num="41" type="stmt" count="0"/>
      <line num="42" type="stmt" count="0"/>
      <line num="43" type="stmt" count="0"/>
      <line num="44" type="stmt" count="0"/>
      <line num="45" type="stmt" count="0"/>
      <line num="47" type="stmt" count="0"/>
      <line num="48" type="stmt" count="0"/>
      <line num="49" type="stmt" count="0"/>
      <line num="50" type="stmt" count="0"/>
      <line num="51" type="stmt" count="0"/>
      <line num="53" type="stmt" count="0"/>
      <line num="54" type="stmt" count="0"/>
      <line num="55" type="stmt" count="0"/>
      <line num="57" type="stmt" count="0"/>
      <line num="58" type="stmt" count="0"/>
      <line num="59" type="stmt" count="0"/>
      <line num="60" type="stmt" count="0"/>
      <line num="63" type="stmt" count="0"/>
      <line num="64" type="stmt" count="0"/>
      <line num="65" type="stmt" count="0"/>
      <line num="67" type="stmt" count="0"/>
      <line num="70" type="method" name="appendValueList" count="0"/>
      <line num="72" type="stmt" count="0"/>
      <line num="73" type="stmt" count="0"/>
      <line num="75" type="stmt" count="0"/>
      <line num="76" type="stmt" count="0"/>
      <line num="78" type="stmt" count="0"/>
      <line num="79" type="stmt" count="0"/>
      <line num="82" type="method" name="appendList" count="0"/>
      <line num="84" type="stmt" count="0"/>
      <line num="86" type="stmt" count="0"/>
      <line num="88" type="stmt" count="0"/>
      <line num="96" type="stmt" count="0"/>
      <line num="97" type="stmt" count="0"/>
      <line num="98" type="stmt" count="0"/>
      <line num="100" type="stmt" count="0"/>
      <line num="102" type="stmt" count="0"/>
      <line num="103" type="stmt" count="0"/>
      <line num="105" type="stmt" count="0"/>
      <line num="107" type="stmt" count="0"/>
      <line num="119" type="method" name="_toPhpSyntax" count="0"/>
      <line num="121" type="stmt" count="0"/>
      <line num="122" type="stmt" count="0"/>
      <line num="124" type="stmt" count="0"/>
      <line num="126" type="stmt" count="0"/>
      <line num="127" type="stmt" count="0"/>
      <line num="128" type="stmt" count="0"/>
      <line num="130" type="stmt" count="0"/>
      <line num="131" type="stmt" count="0"/>
      <line num="132" type="stmt" count="0"/>
      <line num="134" type="stmt" count="0"/>
      <line num="135" type="stmt" count="0"/>
      <line num="136" type="stmt" count="0"/>
      <line num="138" type="stmt" count="0"/>
      <line num="139" type="stmt" count="0"/>
      <line num="140" type="stmt" count="0"/>
      <line num="142" type="stmt" count="0"/>
      <line num="143" type="stmt" count="0"/>
      <line num="144" type="stmt" count="0"/>
      <line num="145" type="stmt" count="0"/>
      <line num="146" type="stmt" count="0"/>
      <line num="147" type="stmt" count="0"/>
      <line num="148" type="stmt" count="0"/>
      <line num="151" type="stmt" count="1"/>
      <metrics loc="150" ncloc="133" classes="1" methods="6" coveredmethods="0" statements="77" coveredstatements="5" elements="83" coveredelements="5"/>
    </file>
    <package name="Guzzle\Common">
      <file name="/home/jflitton/Code/publish-service-client/vendor/guzzle/guzzle/src/Guzzle/Common/AbstractHasDispatcher.php">
        <class name="Guzzle\Common\AbstractHasDispatcher" namespace="Guzzle\Common" fullPackage="Guzzle.Common">
          <metrics methods="5" coveredmethods="0" statements="10" coveredstatements="0" elements="15" coveredelements="0"/>
        </class>
        <line num="12" type="stmt" count="1"/>
        <line num="17" type="method" name="Guzzle\Common\getAllEvents" count="0"/>
        <line num="19" type="stmt" count="0"/>
        <line num="22" type="method" name="Guzzle\Common\setEventDispatcher" count="0"/>
        <line num="24" type="stmt" count="0"/>
        <line num="26" type="stmt" count="0"/>
        <line num="29" type="method" name="Guzzle\Common\getEventDispatcher" count="0"/>
        <line num="31" type="stmt" count="0"/>
        <line num="32" type="stmt" count="0"/>
        <line num="33" type="stmt" count="0"/>
        <line num="35" type="stmt" count="0"/>
        <line num="38" type="method" name="Guzzle\Common\dispatch" count="0"/>
        <line num="40" type="stmt" count="0"/>
        <line num="43" type="method" name="Guzzle\Common\addSubscriber" count="0"/>
        <line num="45" type="stmt" count="0"/>
        <line num="47" type="stmt" count="0"/>
        <line num="50" type="stmt" count="1"/>
        <metrics loc="49" ncloc="45" classes="1" methods="5" coveredmethods="0" statements="12" coveredstatements="2" elements="17" coveredelements="2"/>
      </file>
    </package>
    <file name="/home/jflitton/Code/publish-service-client/vendor/hafriedlander/phockito/hamcrest-php/hamcrest/Hamcrest/AssertionError.php">
      <class name="Hamcrest_AssertionError" namespace="global" fullPackage="Hamcrest">
        <metrics methods="0" coveredmethods="0" statements="0" coveredstatements="0" elements="0" coveredelements="0"/>
      </class>
      <line num="8" type="stmt" count="1"/>
      <line num="10" type="stmt" count="1"/>
      <metrics loc="9" ncloc="6" classes="1" methods="0" coveredmethods="0" statements="2" coveredstatements="2" elements="2" coveredelements="2"/>
    </file>
    <package name="PhockitoUnit">
      <file name="/home/jflitton/Code/publish-service-client/vendor/balihoo/phockito-unit/src/PhockitoUnit/PhockitoUnitTestCase.php">
        <class name="PhockitoUnit\PhockitoUnitTestCase" namespace="PhockitoUnit" fullPackage="PhockitoUnit">
          <metrics methods="2" coveredmethods="2" statements="19" coveredstatements="17" elements="21" coveredelements="19"/>
        </class>
        <line num="0" type="stmt" count="1"/>
        <line num="12" type="method" name="PhockitoUnit\setUp" count="1"/>
        <line num="14" type="stmt" count="1"/>
        <line num="15" type="stmt" count="1"/>
        <line num="16" type="stmt" count="1"/>
        <line num="24" type="method" name="PhockitoUnit\generateMocksAndSpies" count="1"/>
        <line num="26" type="stmt" count="1"/>
        <line num="28" type="stmt" count="1"/>
        <line num="31" type="stmt" count="1"/>
        <line num="33" type="stmt" count="1"/>
        <line num="34" type="stmt" count="1"/>
        <line num="36" type="stmt" count="1"/>
        <line num="39" type="stmt" count="1"/>
        <line num="42" type="stmt" count="1"/>
        <line num="43" type="stmt" count="0"/>
        <line num="44" type="stmt" count="0"/>
        <line num="46" type="stmt" count="1"/>
        <line num="49" type="stmt" count="1"/>
        <line num="50" type="stmt" count="1"/>
        <line num="52" type="stmt" count="1"/>
        <line num="54" type="stmt" count="1"/>
        <line num="56" type="stmt" count="1"/>
        <metrics loc="56" ncloc="45" classes="1" methods="2" coveredmethods="2" statements="20" coveredstatements="18" elements="22" coveredelements="20"/>
      </file>
    </package>
    <package name="Composer\Autoload">
      <file name="/home/jflitton/Code/publish-service-client/vendor/composer/ClassLoader.php">
        <class name="Composer\Autoload\ClassLoader" namespace="Composer\Autoload" fullPackage="Composer.Autoload">
          <metrics methods="12" coveredmethods="2" statements="79" coveredstatements="19" elements="91" coveredelements="21"/>
        </class>
        <line num="0" type="stmt" count="1"/>
        <line num="50" type="method" name="Composer\Autoload\getPrefixes" count="0"/>
        <line num="52" type="stmt" count="0"/>
        <line num="55" type="method" name="Composer\Autoload\getFallbackDirs" count="0"/>
        <line num="57" type="stmt" count="0"/>
        <line num="60" type="method" name="Composer\Autoload\getClassMap" count="0"/>
        <line num="62" type="stmt" count="0"/>
        <line num="68" type="method" name="Composer\Autoload\addClassMap" count="0"/>
        <line num="70" type="stmt" count="0"/>
        <line num="71" type="stmt" count="0"/>
        <line num="72" type="stmt" count="0"/>
        <line num="73" type="stmt" count="0"/>
        <line num="75" type="stmt" count="0"/>
        <line num="84" type="method" name="Composer\Autoload\add" count="0"/>
        <line num="86" type="stmt" count="0"/>
        <line num="87" type="stmt" count="0"/>
        <line num="88" type="stmt" count="0"/>
        <line num="89" type="stmt" count="0"/>
        <line num="90" type="stmt" count="0"/>
        <line num="91" type="stmt" count="0"/>
        <line num="92" type="stmt" count="0"/>
        <line num="93" type="stmt" count="0"/>
        <line num="94" type="stmt" count="0"/>
        <line num="96" type="stmt" count="0"/>
        <line num="99" type="stmt" count="0"/>
        <line num="102" type="stmt" count="0"/>
        <line num="103" type="stmt" count="0"/>
        <line num="104" type="stmt" count="0"/>
        <line num="106" type="stmt" count="0"/>
        <line num="108" type="stmt" count="0"/>
        <line num="109" type="stmt" count="0"/>
        <line num="110" type="stmt" count="0"/>
        <line num="111" type="stmt" count="0"/>
        <line num="112" type="stmt" count="0"/>
        <line num="113" type="stmt" count="0"/>
        <line num="114" type="stmt" count="0"/>
        <line num="115" type="stmt" count="0"/>
        <line num="117" type="stmt" count="0"/>
        <line num="119" type="stmt" count="0"/>
        <line num="127" type="method" name="Composer\Autoload\set" count="0"/>
        <line num="129" type="stmt" count="0"/>
        <line num="130" type="stmt" count="0"/>
        <line num="132" type="stmt" count="0"/>
        <line num="134" type="stmt" count="0"/>
        <line num="135" type="stmt" count="0"/>
        <line num="142" type="method" name="Composer\Autoload\setUseIncludePath" count="0"/>
        <line num="144" type="stmt" count="0"/>
        <line num="145" type="stmt" count="0"/>
        <line num="153" type="method" name="Composer\Autoload\getUseIncludePath" count="0"/>
        <line num="155" type="stmt" count="0"/>
        <line num="163" type="method" name="Composer\Autoload\register" count="0"/>
        <line num="165" type="stmt" count="0"/>
        <line num="166" type="stmt" count="0"/>
        <line num="171" type="method" name="Composer\Autoload\unregister" count="0"/>
        <line num="173" type="stmt" count="0"/>
        <line num="174" type="stmt" count="0"/>
        <line num="182" type="method" name="Composer\Autoload\loadClass" count="1"/>
        <line num="184" type="stmt" count="1"/>
        <line num="185" type="stmt" count="1"/>
        <line num="187" type="stmt" count="1"/>
        <line num="189" type="stmt" count="0"/>
        <line num="198" type="method" name="Composer\Autoload\findFile" count="1"/>
        <line num="201" type="stmt" count="1"/>
        <line num="202" type="stmt" count="0"/>
        <line num="203" type="stmt" count="0"/>
        <line num="205" type="stmt" count="1"/>
        <line num="206" type="stmt" count="1"/>
        <line num="209" type="stmt" count="1"/>
        <line num="211" type="stmt" count="1"/>
        <line num="212" type="stmt" count="1"/>
        <line num="213" type="stmt" count="1"/>
        <line num="215" type="stmt" count="0"/>
        <line num="216" type="stmt" count="0"/>
        <line num="219" type="stmt" count="1"/>
        <line num="221" type="stmt" count="1"/>
        <line num="222" type="stmt" count="1"/>
        <line num="223" type="stmt" count="1"/>
        <line num="224" type="stmt" count="1"/>
        <line num="225" type="stmt" count="1"/>
        <line num="226" type="stmt" count="1"/>
        <line num="227" type="stmt" count="1"/>
        <line num="229" type="stmt" count="0"/>
        <line num="230" type="stmt" count="0"/>
        <line num="231" type="stmt" count="1"/>
        <line num="232" type="stmt" count="0"/>
        <line num="234" type="stmt" count="0"/>
        <line num="235" type="stmt" count="0"/>
        <line num="236" type="stmt" count="0"/>
        <line num="238" type="stmt" count="0"/>
        <line num="240" type="stmt" count="0"/>
        <line num="241" type="stmt" count="0"/>
        <line num="244" type="stmt" count="0"/>
        <metrics loc="246" ncloc="155" classes="1" methods="12" coveredmethods="2" statements="80" coveredstatements="20" elements="92" coveredelements="22"/>
      </file>
    </package>
    <file name="/home/jflitton/Code/publish-service-client/vendor/guzzle/guzzle/src/Guzzle/Http/Message/RequestFactoryInterface.php">
      <line num="12" type="stmt" count="1"/>
      <line num="106" type="stmt" count="1"/>
      <metrics loc="105" ncloc="28" classes="0" methods="0" coveredmethods="0" statements="2" coveredstatements="2" elements="2" coveredelements="2"/>
    </file>
    <file name="/home/jflitton/Code/publish-service-client/vendor/guzzle/guzzle/src/Guzzle/Http/Curl/CurlMultiInterface.php">
      <line num="12" type="stmt" count="1"/>
      <line num="59" type="stmt" count="1"/>
      <metrics loc="58" ncloc="26" classes="0" methods="0" coveredmethods="0" statements="2" coveredstatements="2" elements="2" coveredelements="2"/>
    </file>
    <package name="PublishServiceClient">
      <file name="/home/jflitton/Code/publish-service-client/src/PublishServiceClient/Client.php">
        <class name="PublishServiceClient\Client" namespace="PublishServiceClient" fullPackage="PublishServiceClient" package="PublishServiceClient">
          <metrics methods="3" coveredmethods="1" statements="18" coveredstatements="9" elements="21" coveredelements="10"/>
        </class>
        <line num="12" type="stmt" count="1"/>
        <line num="22" type="method" name="PublishServiceClient\__construct" count="1"/>
        <line num="24" type="stmt" count="1"/>
        <line num="25" type="stmt" count="1"/>
        <line num="26" type="stmt" count="1"/>
        <line num="28" type="stmt" count="1"/>
        <line num="29" type="stmt" count="1"/>
        <line num="30" type="stmt" count="0"/>
        <line num="31" type="stmt" count="0"/>
        <line num="32" type="stmt" count="1"/>
        <line num="33" type="stmt" count="1"/>
        <line num="34" type="stmt" count="1"/>
        <line num="35" type="stmt" count="1"/>
        <line num="41" type="method" name="PublishServiceClient\UrlSearch" count="0"/>
        <line num="43" type="stmt" count="0"/>
        <line num="51" type="method" name="PublishServiceClient\get" count="0"/>
        <line num="53" type="stmt" count="0"/>
        <line num="54" type="stmt" count="0"/>
        <line num="56" type="stmt" count="0"/>
        <line num="57" type="stmt" count="0"/>
        <line num="58" type="stmt" count="0"/>
        <line num="61" type="stmt" count="0"/>
        <line num="64" type="stmt" count="1"/>
        <metrics loc="63" ncloc="41" classes="1" methods="3" coveredmethods="1" statements="20" coveredstatements="11" elements="23" coveredelements="12"/>
      </file>
    </package>
    <file name="/home/jflitton/Code/publish-service-client/vendor/composer/autoload_real.php">
      <class name="ComposerAutoloaderInite9e2f18713c8e60b15d136975584d956" namespace="global">
        <metrics methods="2" coveredmethods="0" statements="21" coveredstatements="0" elements="23" coveredelements="0"/>
      </class>
      <line num="9" type="method" name="loadClassLoader" count="0"/>
      <line num="11" type="stmt" count="0"/>
      <line num="12" type="stmt" count="0"/>
      <line num="13" type="stmt" count="0"/>
      <line num="14" type="stmt" count="0"/>
      <line num="16" type="method" name="getLoader" count="0"/>
      <line num="18" type="stmt" count="0"/>
      <line num="19" type="stmt" count="0"/>
      <line num="22" type="stmt" count="0"/>
      <line num="23" type="stmt" count="0"/>
      <line num="24" type="stmt" count="0"/>
      <line num="26" type="stmt" count="0"/>
      <line num="27" type="stmt" count="0"/>
      <line num="29" type="stmt" count="0"/>
      <line num="30" type="stmt" count="0"/>
      <line num="31" type="stmt" count="0"/>
      <line num="32" type="stmt" count="0"/>
      <line num="34" type="stmt" count="0"/>
      <line num="35" type="stmt" count="0"/>
      <line num="36" type="stmt" count="0"/>
      <line num="37" type="stmt" count="0"/>
      <line num="39" type="stmt" count="0"/>
      <line num="41" type="stmt" count="0"/>
      <metrics loc="43" ncloc="41" classes="1" methods="2" coveredmethods="0" statements="21" coveredstatements="0" elements="23" coveredelements="0"/>
    </file>
    <metrics files="34" loc="4846" ncloc="2745" classes="22" methods="123" coveredmethods="26" statements="1320" coveredstatements="428" elements="1443" coveredelements="454"/>
  </project>
</coverage>
